<testsuites id="" name="" tests="248" failures="0" skipped="248" errors="0" time="0.17362599999999997">
<testsuite name="analytics-page.e2e.ts" timestamp="2025-11-19T13:03:42.775Z" hostname="chromium" tests="6" failures="0" skipped="6" time="0" errors="0">
<testcase name="Analytics Page › should load analytics page" classname="analytics-page.e2e.ts" time="0">
<skipped>
</skipped>
</testcase>
<testcase name="Analytics Page › should display analytics widgets" classname="analytics-page.e2e.ts" time="0">
<skipped>
</skipped>
</testcase>
<testcase name="Analytics Page › should show loading states initially" classname="analytics-page.e2e.ts" time="0">
<skipped>
</skipped>
</testcase>
<testcase name="Analytics Page › should display numbers and metrics" classname="analytics-page.e2e.ts" time="0">
<skipped>
</skipped>
</testcase>
<testcase name="Analytics Page › should have charts or visualizations" classname="analytics-page.e2e.ts" time="0">
<skipped>
</skipped>
</testcase>
<testcase name="Analytics Page › should update in real-time" classname="analytics-page.e2e.ts" time="0">
<skipped>
</skipped>
</testcase>
</testsuite>
<testsuite name="auth-flow.e2e.ts" timestamp="2025-11-19T13:03:42.775Z" hostname="chromium" tests="12" failures="0" skipped="12" time="0" errors="0">
<testcase name="Authentication Flow › should display home page" classname="auth-flow.e2e.ts" time="0">
<skipped>
</skipped>
</testcase>
<testcase name="Authentication Flow › should navigate to login page" classname="auth-flow.e2e.ts" time="0">
<skipped>
</skipped>
</testcase>
<testcase name="Authentication Flow › should navigate to signup page" classname="auth-flow.e2e.ts" time="0">
<skipped>
</skipped>
</testcase>
<testcase name="Authentication Flow › should validate signup form fields" classname="auth-flow.e2e.ts" time="0">
<skipped>
</skipped>
</testcase>
<testcase name="Authentication Flow › should display error for invalid email" classname="auth-flow.e2e.ts" time="0">
<skipped>
</skipped>
</testcase>
<testcase name="Authentication Flow › should display password requirements" classname="auth-flow.e2e.ts" time="0">
<skipped>
</skipped>
</testcase>
<testcase name="Authentication Flow › should have login link on signup page" classname="auth-flow.e2e.ts" time="0">
<skipped>
</skipped>
</testcase>
<testcase name="Authentication Flow › should have signup link on login page" classname="auth-flow.e2e.ts" time="0">
<skipped>
</skipped>
</testcase>
<testcase name="Authentication Flow › should display forgot password option" classname="auth-flow.e2e.ts" time="0">
<skipped>
</skipped>
</testcase>
<testcase name="Post-Login Flow › should redirect to dashboard after login" classname="auth-flow.e2e.ts" time="0">
<properties>
<property name="skip" value="">
</property>
</properties>
<skipped>
</skipped>
</testcase>
<testcase name="Post-Login Flow › should display user menu when logged in" classname="auth-flow.e2e.ts" time="0">
<properties>
<property name="skip" value="">
</property>
</properties>
<skipped>
</skipped>
</testcase>
<testcase name="Post-Login Flow › should allow logout" classname="auth-flow.e2e.ts" time="0">
<properties>
<property name="skip" value="">
</property>
</properties>
<skipped>
</skipped>
</testcase>
</testsuite>
<testsuite name="comparison-tool.e2e.ts" timestamp="2025-11-19T13:03:42.775Z" hostname="chromium" tests="7" failures="0" skipped="7" time="0" errors="0">
<testcase name="Comparison Tool › should add programs to comparison from programs page" classname="comparison-tool.e2e.ts" time="0">
<skipped>
</skipped>
</testcase>
<testcase name="Comparison Tool › should add multiple programs to comparison" classname="comparison-tool.e2e.ts" time="0">
<skipped>
</skipped>
</testcase>
<testcase name="Comparison Tool › should remove program from comparison bar" classname="comparison-tool.e2e.ts" time="0">
<skipped>
</skipped>
</testcase>
<testcase name="Comparison Tool › should clear all programs from comparison" classname="comparison-tool.e2e.ts" time="0">
<skipped>
</skipped>
</testcase>
<testcase name="Comparison Tool › should navigate to comparison page and show programs" classname="comparison-tool.e2e.ts" time="0">
<skipped>
</skipped>
</testcase>
<testcase name="Comparison Tool › should enforce maximum of 5 programs limit" classname="comparison-tool.e2e.ts" time="0">
<skipped>
</skipped>
</testcase>
<testcase name="Comparison Tool › should persist comparison across page navigation" classname="comparison-tool.e2e.ts" time="0">
<skipped>
</skipped>
</testcase>
</testsuite>
<testsuite name="dashboard.e2e.ts" timestamp="2025-11-19T13:03:42.775Z" hostname="chromium" tests="15" failures="0" skipped="15" time="0" errors="0">
<testcase name="Dashboard › should display main dashboard layout" classname="dashboard.e2e.ts" time="0">
<skipped>
</skipped>
</testcase>
<testcase name="Dashboard › should display user information" classname="dashboard.e2e.ts" time="0">
<skipped>
</skipped>
</testcase>
<testcase name="Dashboard › should have organization switcher" classname="dashboard.e2e.ts" time="0">
<skipped>
</skipped>
</testcase>
<testcase name="Dashboard › should display navigation menu items" classname="dashboard.e2e.ts" time="0">
<skipped>
</skipped>
</testcase>
<testcase name="Organization Switcher › should open organization switcher menu" classname="dashboard.e2e.ts" time="0">
<skipped>
</skipped>
</testcase>
<testcase name="Organization Switcher › should list user organizations" classname="dashboard.e2e.ts" time="0">
<skipped>
</skipped>
</testcase>
<testcase name="Organization Switcher › should allow switching organizations" classname="dashboard.e2e.ts" time="0">
<skipped>
</skipped>
</testcase>
<testcase name="Program Browsing › should display programs section" classname="dashboard.e2e.ts" time="0">
<skipped>
</skipped>
</testcase>
<testcase name="Program Browsing › should load program list" classname="dashboard.e2e.ts" time="0">
<skipped>
</skipped>
</testcase>
<testcase name="Program Browsing › should display program details" classname="dashboard.e2e.ts" time="0">
<skipped>
</skipped>
</testcase>
<testcase name="Program Browsing › should allow filtering programs" classname="dashboard.e2e.ts" time="0">
<skipped>
</skipped>
</testcase>
<testcase name="Program Browsing › should allow sorting programs" classname="dashboard.e2e.ts" time="0">
<skipped>
</skipped>
</testcase>
<testcase name="Responsive Design › should work on mobile viewport" classname="dashboard.e2e.ts" time="0">
<skipped>
</skipped>
</testcase>
<testcase name="Responsive Design › should work on tablet viewport" classname="dashboard.e2e.ts" time="0">
<skipped>
</skipped>
</testcase>
<testcase name="Responsive Design › should work on desktop viewport" classname="dashboard.e2e.ts" time="0">
<skipped>
</skipped>
</testcase>
</testsuite>
<testsuite name="favorites.e2e.ts" timestamp="2025-11-19T13:03:42.775Z" hostname="chromium" tests="6" failures="0" skipped="6" time="0" errors="0">
<testcase name="Favorites Feature › should add program to favorites from programs page" classname="favorites.e2e.ts" time="0">
<skipped>
</skipped>
</testcase>
<testcase name="Favorites Feature › should navigate to favorites page and display saved programs" classname="favorites.e2e.ts" time="0">
<skipped>
</skipped>
</testcase>
<testcase name="Favorites Feature › should remove program from favorites" classname="favorites.e2e.ts" time="0">
<skipped>
</skipped>
</testcase>
<testcase name="Favorites Feature › should show empty state when no favorites" classname="favorites.e2e.ts" time="0">
<skipped>
</skipped>
</testcase>
<testcase name="Favorites Feature › should toggle favorite status on programs page" classname="favorites.e2e.ts" time="0">
<skipped>
</skipped>
</testcase>
<testcase name="Favorites Feature › should show favorite count in navigation" classname="favorites.e2e.ts" time="0">
<skipped>
</skipped>
</testcase>
</testsuite>
<testsuite name="programs-browsing.e2e.ts" timestamp="2025-11-19T13:03:42.775Z" hostname="chromium" tests="7" failures="0" skipped="7" time="0" errors="0">
<testcase name="Programs Browsing › should load programs page" classname="programs-browsing.e2e.ts" time="0">
<skipped>
</skipped>
</testcase>
<testcase name="Programs Browsing › should display program cards" classname="programs-browsing.e2e.ts" time="0">
<skipped>
</skipped>
</testcase>
<testcase name="Programs Browsing › should have search functionality" classname="programs-browsing.e2e.ts" time="0">
<skipped>
</skipped>
</testcase>
<testcase name="Programs Browsing › should have filter sidebar" classname="programs-browsing.e2e.ts" time="0">
<skipped>
</skipped>
</testcase>
<testcase name="Programs Browsing › should handle pagination" classname="programs-browsing.e2e.ts" time="0">
<skipped>
</skipped>
</testcase>
<testcase name="Programs Browsing › should click on program card to view details" classname="programs-browsing.e2e.ts" time="0">
<skipped>
</skipped>
</testcase>
<testcase name="Programs Browsing › should reset filters" classname="programs-browsing.e2e.ts" time="0">
<skipped>
</skipped>
</testcase>
</testsuite>
<testsuite name="search-filter.e2e.ts" timestamp="2025-11-19T13:03:42.775Z" hostname="chromium" tests="9" failures="0" skipped="9" time="0" errors="0">
<testcase name="Advanced Search and Filtering › should search programs by keyword" classname="search-filter.e2e.ts" time="0">
<skipped>
</skipped>
</testcase>
<testcase name="Advanced Search and Filtering › should filter by category" classname="search-filter.e2e.ts" time="0">
<skipped>
</skipped>
</testcase>
<testcase name="Advanced Search and Filtering › should filter by network" classname="search-filter.e2e.ts" time="0">
<skipped>
</skipped>
</testcase>
<testcase name="Advanced Search and Filtering › should filter by commission rate range" classname="search-filter.e2e.ts" time="0">
<skipped>
</skipped>
</testcase>
<testcase name="Advanced Search and Filtering › should sort programs by commission rate" classname="search-filter.e2e.ts" time="0">
<skipped>
</skipped>
</testcase>
<testcase name="Advanced Search and Filtering › should clear all filters" classname="search-filter.e2e.ts" time="0">
<skipped>
</skipped>
</testcase>
<testcase name="Advanced Search and Filtering › should display program count and statistics" classname="search-filter.e2e.ts" time="0">
<skipped>
</skipped>
</testcase>
<testcase name="Advanced Search and Filtering › should handle no results gracefully" classname="search-filter.e2e.ts" time="0">
<skipped>
</skipped>
</testcase>
<testcase name="Advanced Search and Filtering › should apply multiple filters simultaneously" classname="search-filter.e2e.ts" time="0">
<skipped>
</skipped>
</testcase>
</testsuite>
<testsuite name="analytics-page.e2e.ts" timestamp="2025-11-19T13:03:42.775Z" hostname="firefox" tests="6" failures="0" skipped="6" time="0" errors="0">
<testcase name="Analytics Page › should load analytics page" classname="analytics-page.e2e.ts" time="0">
<skipped>
</skipped>
</testcase>
<testcase name="Analytics Page › should display analytics widgets" classname="analytics-page.e2e.ts" time="0">
<skipped>
</skipped>
</testcase>
<testcase name="Analytics Page › should show loading states initially" classname="analytics-page.e2e.ts" time="0">
<skipped>
</skipped>
</testcase>
<testcase name="Analytics Page › should display numbers and metrics" classname="analytics-page.e2e.ts" time="0">
<skipped>
</skipped>
</testcase>
<testcase name="Analytics Page › should have charts or visualizations" classname="analytics-page.e2e.ts" time="0">
<skipped>
</skipped>
</testcase>
<testcase name="Analytics Page › should update in real-time" classname="analytics-page.e2e.ts" time="0">
<skipped>
</skipped>
</testcase>
</testsuite>
<testsuite name="auth-flow.e2e.ts" timestamp="2025-11-19T13:03:42.775Z" hostname="firefox" tests="12" failures="0" skipped="12" time="0" errors="0">
<testcase name="Authentication Flow › should display home page" classname="auth-flow.e2e.ts" time="0">
<skipped>
</skipped>
</testcase>
<testcase name="Authentication Flow › should navigate to login page" classname="auth-flow.e2e.ts" time="0">
<skipped>
</skipped>
</testcase>
<testcase name="Authentication Flow › should navigate to signup page" classname="auth-flow.e2e.ts" time="0">
<skipped>
</skipped>
</testcase>
<testcase name="Authentication Flow › should validate signup form fields" classname="auth-flow.e2e.ts" time="0">
<skipped>
</skipped>
</testcase>
<testcase name="Authentication Flow › should display error for invalid email" classname="auth-flow.e2e.ts" time="0">
<skipped>
</skipped>
</testcase>
<testcase name="Authentication Flow › should display password requirements" classname="auth-flow.e2e.ts" time="0">
<skipped>
</skipped>
</testcase>
<testcase name="Authentication Flow › should have login link on signup page" classname="auth-flow.e2e.ts" time="0">
<skipped>
</skipped>
</testcase>
<testcase name="Authentication Flow › should have signup link on login page" classname="auth-flow.e2e.ts" time="0">
<skipped>
</skipped>
</testcase>
<testcase name="Authentication Flow › should display forgot password option" classname="auth-flow.e2e.ts" time="0">
<skipped>
</skipped>
</testcase>
<testcase name="Post-Login Flow › should redirect to dashboard after login" classname="auth-flow.e2e.ts" time="0">
<properties>
<property name="skip" value="">
</property>
</properties>
<skipped>
</skipped>
</testcase>
<testcase name="Post-Login Flow › should display user menu when logged in" classname="auth-flow.e2e.ts" time="0">
<properties>
<property name="skip" value="">
</property>
</properties>
<skipped>
</skipped>
</testcase>
<testcase name="Post-Login Flow › should allow logout" classname="auth-flow.e2e.ts" time="0">
<properties>
<property name="skip" value="">
</property>
</properties>
<skipped>
</skipped>
</testcase>
</testsuite>
<testsuite name="comparison-tool.e2e.ts" timestamp="2025-11-19T13:03:42.775Z" hostname="firefox" tests="7" failures="0" skipped="7" time="0" errors="0">
<testcase name="Comparison Tool › should add programs to comparison from programs page" classname="comparison-tool.e2e.ts" time="0">
<skipped>
</skipped>
</testcase>
<testcase name="Comparison Tool › should add multiple programs to comparison" classname="comparison-tool.e2e.ts" time="0">
<skipped>
</skipped>
</testcase>
<testcase name="Comparison Tool › should remove program from comparison bar" classname="comparison-tool.e2e.ts" time="0">
<skipped>
</skipped>
</testcase>
<testcase name="Comparison Tool › should clear all programs from comparison" classname="comparison-tool.e2e.ts" time="0">
<skipped>
</skipped>
</testcase>
<testcase name="Comparison Tool › should navigate to comparison page and show programs" classname="comparison-tool.e2e.ts" time="0">
<skipped>
</skipped>
</testcase>
<testcase name="Comparison Tool › should enforce maximum of 5 programs limit" classname="comparison-tool.e2e.ts" time="0">
<skipped>
</skipped>
</testcase>
<testcase name="Comparison Tool › should persist comparison across page navigation" classname="comparison-tool.e2e.ts" time="0">
<skipped>
</skipped>
</testcase>
</testsuite>
<testsuite name="dashboard.e2e.ts" timestamp="2025-11-19T13:03:42.775Z" hostname="firefox" tests="15" failures="0" skipped="15" time="0" errors="0">
<testcase name="Dashboard › should display main dashboard layout" classname="dashboard.e2e.ts" time="0">
<skipped>
</skipped>
</testcase>
<testcase name="Dashboard › should display user information" classname="dashboard.e2e.ts" time="0">
<skipped>
</skipped>
</testcase>
<testcase name="Dashboard › should have organization switcher" classname="dashboard.e2e.ts" time="0">
<skipped>
</skipped>
</testcase>
<testcase name="Dashboard › should display navigation menu items" classname="dashboard.e2e.ts" time="0">
<skipped>
</skipped>
</testcase>
<testcase name="Organization Switcher › should open organization switcher menu" classname="dashboard.e2e.ts" time="0">
<skipped>
</skipped>
</testcase>
<testcase name="Organization Switcher › should list user organizations" classname="dashboard.e2e.ts" time="0">
<skipped>
</skipped>
</testcase>
<testcase name="Organization Switcher › should allow switching organizations" classname="dashboard.e2e.ts" time="0">
<skipped>
</skipped>
</testcase>
<testcase name="Program Browsing › should display programs section" classname="dashboard.e2e.ts" time="0">
<skipped>
</skipped>
</testcase>
<testcase name="Program Browsing › should load program list" classname="dashboard.e2e.ts" time="0">
<skipped>
</skipped>
</testcase>
<testcase name="Program Browsing › should display program details" classname="dashboard.e2e.ts" time="0">
<skipped>
</skipped>
</testcase>
<testcase name="Program Browsing › should allow filtering programs" classname="dashboard.e2e.ts" time="0">
<skipped>
</skipped>
</testcase>
<testcase name="Program Browsing › should allow sorting programs" classname="dashboard.e2e.ts" time="0">
<skipped>
</skipped>
</testcase>
<testcase name="Responsive Design › should work on mobile viewport" classname="dashboard.e2e.ts" time="0">
<skipped>
</skipped>
</testcase>
<testcase name="Responsive Design › should work on tablet viewport" classname="dashboard.e2e.ts" time="0">
<skipped>
</skipped>
</testcase>
<testcase name="Responsive Design › should work on desktop viewport" classname="dashboard.e2e.ts" time="0">
<skipped>
</skipped>
</testcase>
</testsuite>
<testsuite name="favorites.e2e.ts" timestamp="2025-11-19T13:03:42.775Z" hostname="firefox" tests="6" failures="0" skipped="6" time="0" errors="0">
<testcase name="Favorites Feature › should add program to favorites from programs page" classname="favorites.e2e.ts" time="0">
<skipped>
</skipped>
</testcase>
<testcase name="Favorites Feature › should navigate to favorites page and display saved programs" classname="favorites.e2e.ts" time="0">
<skipped>
</skipped>
</testcase>
<testcase name="Favorites Feature › should remove program from favorites" classname="favorites.e2e.ts" time="0">
<skipped>
</skipped>
</testcase>
<testcase name="Favorites Feature › should show empty state when no favorites" classname="favorites.e2e.ts" time="0">
<skipped>
</skipped>
</testcase>
<testcase name="Favorites Feature › should toggle favorite status on programs page" classname="favorites.e2e.ts" time="0">
<skipped>
</skipped>
</testcase>
<testcase name="Favorites Feature › should show favorite count in navigation" classname="favorites.e2e.ts" time="0">
<skipped>
</skipped>
</testcase>
</testsuite>
<testsuite name="programs-browsing.e2e.ts" timestamp="2025-11-19T13:03:42.775Z" hostname="firefox" tests="7" failures="0" skipped="7" time="0" errors="0">
<testcase name="Programs Browsing › should load programs page" classname="programs-browsing.e2e.ts" time="0">
<skipped>
</skipped>
</testcase>
<testcase name="Programs Browsing › should display program cards" classname="programs-browsing.e2e.ts" time="0">
<skipped>
</skipped>
</testcase>
<testcase name="Programs Browsing › should have search functionality" classname="programs-browsing.e2e.ts" time="0">
<skipped>
</skipped>
</testcase>
<testcase name="Programs Browsing › should have filter sidebar" classname="programs-browsing.e2e.ts" time="0">
<skipped>
</skipped>
</testcase>
<testcase name="Programs Browsing › should handle pagination" classname="programs-browsing.e2e.ts" time="0">
<skipped>
</skipped>
</testcase>
<testcase name="Programs Browsing › should click on program card to view details" classname="programs-browsing.e2e.ts" time="0">
<skipped>
</skipped>
</testcase>
<testcase name="Programs Browsing › should reset filters" classname="programs-browsing.e2e.ts" time="0">
<skipped>
</skipped>
</testcase>
</testsuite>
<testsuite name="search-filter.e2e.ts" timestamp="2025-11-19T13:03:42.775Z" hostname="firefox" tests="9" failures="0" skipped="9" time="0" errors="0">
<testcase name="Advanced Search and Filtering › should search programs by keyword" classname="search-filter.e2e.ts" time="0">
<skipped>
</skipped>
</testcase>
<testcase name="Advanced Search and Filtering › should filter by category" classname="search-filter.e2e.ts" time="0">
<skipped>
</skipped>
</testcase>
<testcase name="Advanced Search and Filtering › should filter by network" classname="search-filter.e2e.ts" time="0">
<skipped>
</skipped>
</testcase>
<testcase name="Advanced Search and Filtering › should filter by commission rate range" classname="search-filter.e2e.ts" time="0">
<skipped>
</skipped>
</testcase>
<testcase name="Advanced Search and Filtering › should sort programs by commission rate" classname="search-filter.e2e.ts" time="0">
<skipped>
</skipped>
</testcase>
<testcase name="Advanced Search and Filtering › should clear all filters" classname="search-filter.e2e.ts" time="0">
<skipped>
</skipped>
</testcase>
<testcase name="Advanced Search and Filtering › should display program count and statistics" classname="search-filter.e2e.ts" time="0">
<skipped>
</skipped>
</testcase>
<testcase name="Advanced Search and Filtering › should handle no results gracefully" classname="search-filter.e2e.ts" time="0">
<skipped>
</skipped>
</testcase>
<testcase name="Advanced Search and Filtering › should apply multiple filters simultaneously" classname="search-filter.e2e.ts" time="0">
<skipped>
</skipped>
</testcase>
</testsuite>
<testsuite name="analytics-page.e2e.ts" timestamp="2025-11-19T13:03:42.775Z" hostname="webkit" tests="6" failures="0" skipped="6" time="0" errors="0">
<testcase name="Analytics Page › should load analytics page" classname="analytics-page.e2e.ts" time="0">
<skipped>
</skipped>
</testcase>
<testcase name="Analytics Page › should display analytics widgets" classname="analytics-page.e2e.ts" time="0">
<skipped>
</skipped>
</testcase>
<testcase name="Analytics Page › should show loading states initially" classname="analytics-page.e2e.ts" time="0">
<skipped>
</skipped>
</testcase>
<testcase name="Analytics Page › should display numbers and metrics" classname="analytics-page.e2e.ts" time="0">
<skipped>
</skipped>
</testcase>
<testcase name="Analytics Page › should have charts or visualizations" classname="analytics-page.e2e.ts" time="0">
<skipped>
</skipped>
</testcase>
<testcase name="Analytics Page › should update in real-time" classname="analytics-page.e2e.ts" time="0">
<skipped>
</skipped>
</testcase>
</testsuite>
<testsuite name="auth-flow.e2e.ts" timestamp="2025-11-19T13:03:42.775Z" hostname="webkit" tests="12" failures="0" skipped="12" time="0" errors="0">
<testcase name="Authentication Flow › should display home page" classname="auth-flow.e2e.ts" time="0">
<skipped>
</skipped>
</testcase>
<testcase name="Authentication Flow › should navigate to login page" classname="auth-flow.e2e.ts" time="0">
<skipped>
</skipped>
</testcase>
<testcase name="Authentication Flow › should navigate to signup page" classname="auth-flow.e2e.ts" time="0">
<skipped>
</skipped>
</testcase>
<testcase name="Authentication Flow › should validate signup form fields" classname="auth-flow.e2e.ts" time="0">
<skipped>
</skipped>
</testcase>
<testcase name="Authentication Flow › should display error for invalid email" classname="auth-flow.e2e.ts" time="0">
<skipped>
</skipped>
</testcase>
<testcase name="Authentication Flow › should display password requirements" classname="auth-flow.e2e.ts" time="0">
<skipped>
</skipped>
</testcase>
<testcase name="Authentication Flow › should have login link on signup page" classname="auth-flow.e2e.ts" time="0">
<skipped>
</skipped>
</testcase>
<testcase name="Authentication Flow › should have signup link on login page" classname="auth-flow.e2e.ts" time="0">
<skipped>
</skipped>
</testcase>
<testcase name="Authentication Flow › should display forgot password option" classname="auth-flow.e2e.ts" time="0">
<skipped>
</skipped>
</testcase>
<testcase name="Post-Login Flow › should redirect to dashboard after login" classname="auth-flow.e2e.ts" time="0">
<properties>
<property name="skip" value="">
</property>
</properties>
<skipped>
</skipped>
</testcase>
<testcase name="Post-Login Flow › should display user menu when logged in" classname="auth-flow.e2e.ts" time="0">
<properties>
<property name="skip" value="">
</property>
</properties>
<skipped>
</skipped>
</testcase>
<testcase name="Post-Login Flow › should allow logout" classname="auth-flow.e2e.ts" time="0">
<properties>
<property name="skip" value="">
</property>
</properties>
<skipped>
</skipped>
</testcase>
</testsuite>
<testsuite name="comparison-tool.e2e.ts" timestamp="2025-11-19T13:03:42.775Z" hostname="webkit" tests="7" failures="0" skipped="7" time="0" errors="0">
<testcase name="Comparison Tool › should add programs to comparison from programs page" classname="comparison-tool.e2e.ts" time="0">
<skipped>
</skipped>
</testcase>
<testcase name="Comparison Tool › should add multiple programs to comparison" classname="comparison-tool.e2e.ts" time="0">
<skipped>
</skipped>
</testcase>
<testcase name="Comparison Tool › should remove program from comparison bar" classname="comparison-tool.e2e.ts" time="0">
<skipped>
</skipped>
</testcase>
<testcase name="Comparison Tool › should clear all programs from comparison" classname="comparison-tool.e2e.ts" time="0">
<skipped>
</skipped>
</testcase>
<testcase name="Comparison Tool › should navigate to comparison page and show programs" classname="comparison-tool.e2e.ts" time="0">
<skipped>
</skipped>
</testcase>
<testcase name="Comparison Tool › should enforce maximum of 5 programs limit" classname="comparison-tool.e2e.ts" time="0">
<skipped>
</skipped>
</testcase>
<testcase name="Comparison Tool › should persist comparison across page navigation" classname="comparison-tool.e2e.ts" time="0">
<skipped>
</skipped>
</testcase>
</testsuite>
<testsuite name="dashboard.e2e.ts" timestamp="2025-11-19T13:03:42.775Z" hostname="webkit" tests="15" failures="0" skipped="15" time="0" errors="0">
<testcase name="Dashboard › should display main dashboard layout" classname="dashboard.e2e.ts" time="0">
<skipped>
</skipped>
</testcase>
<testcase name="Dashboard › should display user information" classname="dashboard.e2e.ts" time="0">
<skipped>
</skipped>
</testcase>
<testcase name="Dashboard › should have organization switcher" classname="dashboard.e2e.ts" time="0">
<skipped>
</skipped>
</testcase>
<testcase name="Dashboard › should display navigation menu items" classname="dashboard.e2e.ts" time="0">
<skipped>
</skipped>
</testcase>
<testcase name="Organization Switcher › should open organization switcher menu" classname="dashboard.e2e.ts" time="0">
<skipped>
</skipped>
</testcase>
<testcase name="Organization Switcher › should list user organizations" classname="dashboard.e2e.ts" time="0">
<skipped>
</skipped>
</testcase>
<testcase name="Organization Switcher › should allow switching organizations" classname="dashboard.e2e.ts" time="0">
<skipped>
</skipped>
</testcase>
<testcase name="Program Browsing › should display programs section" classname="dashboard.e2e.ts" time="0">
<skipped>
</skipped>
</testcase>
<testcase name="Program Browsing › should load program list" classname="dashboard.e2e.ts" time="0">
<skipped>
</skipped>
</testcase>
<testcase name="Program Browsing › should display program details" classname="dashboard.e2e.ts" time="0">
<skipped>
</skipped>
</testcase>
<testcase name="Program Browsing › should allow filtering programs" classname="dashboard.e2e.ts" time="0">
<skipped>
</skipped>
</testcase>
<testcase name="Program Browsing › should allow sorting programs" classname="dashboard.e2e.ts" time="0">
<skipped>
</skipped>
</testcase>
<testcase name="Responsive Design › should work on mobile viewport" classname="dashboard.e2e.ts" time="0">
<skipped>
</skipped>
</testcase>
<testcase name="Responsive Design › should work on tablet viewport" classname="dashboard.e2e.ts" time="0">
<skipped>
</skipped>
</testcase>
<testcase name="Responsive Design › should work on desktop viewport" classname="dashboard.e2e.ts" time="0">
<skipped>
</skipped>
</testcase>
</testsuite>
<testsuite name="favorites.e2e.ts" timestamp="2025-11-19T13:03:42.775Z" hostname="webkit" tests="6" failures="0" skipped="6" time="0" errors="0">
<testcase name="Favorites Feature › should add program to favorites from programs page" classname="favorites.e2e.ts" time="0">
<skipped>
</skipped>
</testcase>
<testcase name="Favorites Feature › should navigate to favorites page and display saved programs" classname="favorites.e2e.ts" time="0">
<skipped>
</skipped>
</testcase>
<testcase name="Favorites Feature › should remove program from favorites" classname="favorites.e2e.ts" time="0">
<skipped>
</skipped>
</testcase>
<testcase name="Favorites Feature › should show empty state when no favorites" classname="favorites.e2e.ts" time="0">
<skipped>
</skipped>
</testcase>
<testcase name="Favorites Feature › should toggle favorite status on programs page" classname="favorites.e2e.ts" time="0">
<skipped>
</skipped>
</testcase>
<testcase name="Favorites Feature › should show favorite count in navigation" classname="favorites.e2e.ts" time="0">
<skipped>
</skipped>
</testcase>
</testsuite>
<testsuite name="programs-browsing.e2e.ts" timestamp="2025-11-19T13:03:42.775Z" hostname="webkit" tests="7" failures="0" skipped="7" time="0" errors="0">
<testcase name="Programs Browsing › should load programs page" classname="programs-browsing.e2e.ts" time="0">
<skipped>
</skipped>
</testcase>
<testcase name="Programs Browsing › should display program cards" classname="programs-browsing.e2e.ts" time="0">
<skipped>
</skipped>
</testcase>
<testcase name="Programs Browsing › should have search functionality" classname="programs-browsing.e2e.ts" time="0">
<skipped>
</skipped>
</testcase>
<testcase name="Programs Browsing › should have filter sidebar" classname="programs-browsing.e2e.ts" time="0">
<skipped>
</skipped>
</testcase>
<testcase name="Programs Browsing › should handle pagination" classname="programs-browsing.e2e.ts" time="0">
<skipped>
</skipped>
</testcase>
<testcase name="Programs Browsing › should click on program card to view details" classname="programs-browsing.e2e.ts" time="0">
<skipped>
</skipped>
</testcase>
<testcase name="Programs Browsing › should reset filters" classname="programs-browsing.e2e.ts" time="0">
<skipped>
</skipped>
</testcase>
</testsuite>
<testsuite name="search-filter.e2e.ts" timestamp="2025-11-19T13:03:42.775Z" hostname="webkit" tests="9" failures="0" skipped="9" time="0" errors="0">
<testcase name="Advanced Search and Filtering › should search programs by keyword" classname="search-filter.e2e.ts" time="0">
<skipped>
</skipped>
</testcase>
<testcase name="Advanced Search and Filtering › should filter by category" classname="search-filter.e2e.ts" time="0">
<skipped>
</skipped>
</testcase>
<testcase name="Advanced Search and Filtering › should filter by network" classname="search-filter.e2e.ts" time="0">
<skipped>
</skipped>
</testcase>
<testcase name="Advanced Search and Filtering › should filter by commission rate range" classname="search-filter.e2e.ts" time="0">
<skipped>
</skipped>
</testcase>
<testcase name="Advanced Search and Filtering › should sort programs by commission rate" classname="search-filter.e2e.ts" time="0">
<skipped>
</skipped>
</testcase>
<testcase name="Advanced Search and Filtering › should clear all filters" classname="search-filter.e2e.ts" time="0">
<skipped>
</skipped>
</testcase>
<testcase name="Advanced Search and Filtering › should display program count and statistics" classname="search-filter.e2e.ts" time="0">
<skipped>
</skipped>
</testcase>
<testcase name="Advanced Search and Filtering › should handle no results gracefully" classname="search-filter.e2e.ts" time="0">
<skipped>
</skipped>
</testcase>
<testcase name="Advanced Search and Filtering › should apply multiple filters simultaneously" classname="search-filter.e2e.ts" time="0">
<skipped>
</skipped>
</testcase>
</testsuite>
<testsuite name="analytics-page.e2e.ts" timestamp="2025-11-19T13:03:42.775Z" hostname="Mobile Chrome" tests="6" failures="0" skipped="6" time="0" errors="0">
<testcase name="Analytics Page › should load analytics page" classname="analytics-page.e2e.ts" time="0">
<skipped>
</skipped>
</testcase>
<testcase name="Analytics Page › should display analytics widgets" classname="analytics-page.e2e.ts" time="0">
<skipped>
</skipped>
</testcase>
<testcase name="Analytics Page › should show loading states initially" classname="analytics-page.e2e.ts" time="0">
<skipped>
</skipped>
</testcase>
<testcase name="Analytics Page › should display numbers and metrics" classname="analytics-page.e2e.ts" time="0">
<skipped>
</skipped>
</testcase>
<testcase name="Analytics Page › should have charts or visualizations" classname="analytics-page.e2e.ts" time="0">
<skipped>
</skipped>
</testcase>
<testcase name="Analytics Page › should update in real-time" classname="analytics-page.e2e.ts" time="0">
<skipped>
</skipped>
</testcase>
</testsuite>
<testsuite name="auth-flow.e2e.ts" timestamp="2025-11-19T13:03:42.775Z" hostname="Mobile Chrome" tests="12" failures="0" skipped="12" time="0" errors="0">
<testcase name="Authentication Flow › should display home page" classname="auth-flow.e2e.ts" time="0">
<skipped>
</skipped>
</testcase>
<testcase name="Authentication Flow › should navigate to login page" classname="auth-flow.e2e.ts" time="0">
<skipped>
</skipped>
</testcase>
<testcase name="Authentication Flow › should navigate to signup page" classname="auth-flow.e2e.ts" time="0">
<skipped>
</skipped>
</testcase>
<testcase name="Authentication Flow › should validate signup form fields" classname="auth-flow.e2e.ts" time="0">
<skipped>
</skipped>
</testcase>
<testcase name="Authentication Flow › should display error for invalid email" classname="auth-flow.e2e.ts" time="0">
<skipped>
</skipped>
</testcase>
<testcase name="Authentication Flow › should display password requirements" classname="auth-flow.e2e.ts" time="0">
<skipped>
</skipped>
</testcase>
<testcase name="Authentication Flow › should have login link on signup page" classname="auth-flow.e2e.ts" time="0">
<skipped>
</skipped>
</testcase>
<testcase name="Authentication Flow › should have signup link on login page" classname="auth-flow.e2e.ts" time="0">
<skipped>
</skipped>
</testcase>
<testcase name="Authentication Flow › should display forgot password option" classname="auth-flow.e2e.ts" time="0">
<skipped>
</skipped>
</testcase>
<testcase name="Post-Login Flow › should redirect to dashboard after login" classname="auth-flow.e2e.ts" time="0">
<properties>
<property name="skip" value="">
</property>
</properties>
<skipped>
</skipped>
</testcase>
<testcase name="Post-Login Flow › should display user menu when logged in" classname="auth-flow.e2e.ts" time="0">
<properties>
<property name="skip" value="">
</property>
</properties>
<skipped>
</skipped>
</testcase>
<testcase name="Post-Login Flow › should allow logout" classname="auth-flow.e2e.ts" time="0">
<properties>
<property name="skip" value="">
</property>
</properties>
<skipped>
</skipped>
</testcase>
</testsuite>
<testsuite name="comparison-tool.e2e.ts" timestamp="2025-11-19T13:03:42.775Z" hostname="Mobile Chrome" tests="7" failures="0" skipped="7" time="0" errors="0">
<testcase name="Comparison Tool › should add programs to comparison from programs page" classname="comparison-tool.e2e.ts" time="0">
<skipped>
</skipped>
</testcase>
<testcase name="Comparison Tool › should add multiple programs to comparison" classname="comparison-tool.e2e.ts" time="0">
<skipped>
</skipped>
</testcase>
<testcase name="Comparison Tool › should remove program from comparison bar" classname="comparison-tool.e2e.ts" time="0">
<skipped>
</skipped>
</testcase>
<testcase name="Comparison Tool › should clear all programs from comparison" classname="comparison-tool.e2e.ts" time="0">
<skipped>
</skipped>
</testcase>
<testcase name="Comparison Tool › should navigate to comparison page and show programs" classname="comparison-tool.e2e.ts" time="0">
<skipped>
</skipped>
</testcase>
<testcase name="Comparison Tool › should enforce maximum of 5 programs limit" classname="comparison-tool.e2e.ts" time="0">
<skipped>
</skipped>
</testcase>
<testcase name="Comparison Tool › should persist comparison across page navigation" classname="comparison-tool.e2e.ts" time="0">
<skipped>
</skipped>
</testcase>
</testsuite>
<testsuite name="dashboard.e2e.ts" timestamp="2025-11-19T13:03:42.775Z" hostname="Mobile Chrome" tests="15" failures="0" skipped="15" time="0" errors="0">
<testcase name="Dashboard › should display main dashboard layout" classname="dashboard.e2e.ts" time="0">
<skipped>
</skipped>
</testcase>
<testcase name="Dashboard › should display user information" classname="dashboard.e2e.ts" time="0">
<skipped>
</skipped>
</testcase>
<testcase name="Dashboard › should have organization switcher" classname="dashboard.e2e.ts" time="0">
<skipped>
</skipped>
</testcase>
<testcase name="Dashboard › should display navigation menu items" classname="dashboard.e2e.ts" time="0">
<skipped>
</skipped>
</testcase>
<testcase name="Organization Switcher › should open organization switcher menu" classname="dashboard.e2e.ts" time="0">
<skipped>
</skipped>
</testcase>
<testcase name="Organization Switcher › should list user organizations" classname="dashboard.e2e.ts" time="0">
<skipped>
</skipped>
</testcase>
<testcase name="Organization Switcher › should allow switching organizations" classname="dashboard.e2e.ts" time="0">
<skipped>
</skipped>
</testcase>
<testcase name="Program Browsing › should display programs section" classname="dashboard.e2e.ts" time="0">
<skipped>
</skipped>
</testcase>
<testcase name="Program Browsing › should load program list" classname="dashboard.e2e.ts" time="0">
<skipped>
</skipped>
</testcase>
<testcase name="Program Browsing › should display program details" classname="dashboard.e2e.ts" time="0">
<skipped>
</skipped>
</testcase>
<testcase name="Program Browsing › should allow filtering programs" classname="dashboard.e2e.ts" time="0">
<skipped>
</skipped>
</testcase>
<testcase name="Program Browsing › should allow sorting programs" classname="dashboard.e2e.ts" time="0">
<skipped>
</skipped>
</testcase>
<testcase name="Responsive Design › should work on mobile viewport" classname="dashboard.e2e.ts" time="0">
<skipped>
</skipped>
</testcase>
<testcase name="Responsive Design › should work on tablet viewport" classname="dashboard.e2e.ts" time="0">
<skipped>
</skipped>
</testcase>
<testcase name="Responsive Design › should work on desktop viewport" classname="dashboard.e2e.ts" time="0">
<skipped>
</skipped>
</testcase>
</testsuite>
<testsuite name="favorites.e2e.ts" timestamp="2025-11-19T13:03:42.775Z" hostname="Mobile Chrome" tests="6" failures="0" skipped="6" time="0" errors="0">
<testcase name="Favorites Feature › should add program to favorites from programs page" classname="favorites.e2e.ts" time="0">
<skipped>
</skipped>
</testcase>
<testcase name="Favorites Feature › should navigate to favorites page and display saved programs" classname="favorites.e2e.ts" time="0">
<skipped>
</skipped>
</testcase>
<testcase name="Favorites Feature › should remove program from favorites" classname="favorites.e2e.ts" time="0">
<skipped>
</skipped>
</testcase>
<testcase name="Favorites Feature › should show empty state when no favorites" classname="favorites.e2e.ts" time="0">
<skipped>
</skipped>
</testcase>
<testcase name="Favorites Feature › should toggle favorite status on programs page" classname="favorites.e2e.ts" time="0">
<skipped>
</skipped>
</testcase>
<testcase name="Favorites Feature › should show favorite count in navigation" classname="favorites.e2e.ts" time="0">
<skipped>
</skipped>
</testcase>
</testsuite>
<testsuite name="programs-browsing.e2e.ts" timestamp="2025-11-19T13:03:42.775Z" hostname="Mobile Chrome" tests="7" failures="0" skipped="7" time="0" errors="0">
<testcase name="Programs Browsing › should load programs page" classname="programs-browsing.e2e.ts" time="0">
<skipped>
</skipped>
</testcase>
<testcase name="Programs Browsing › should display program cards" classname="programs-browsing.e2e.ts" time="0">
<skipped>
</skipped>
</testcase>
<testcase name="Programs Browsing › should have search functionality" classname="programs-browsing.e2e.ts" time="0">
<skipped>
</skipped>
</testcase>
<testcase name="Programs Browsing › should have filter sidebar" classname="programs-browsing.e2e.ts" time="0">
<skipped>
</skipped>
</testcase>
<testcase name="Programs Browsing › should handle pagination" classname="programs-browsing.e2e.ts" time="0">
<skipped>
</skipped>
</testcase>
<testcase name="Programs Browsing › should click on program card to view details" classname="programs-browsing.e2e.ts" time="0">
<skipped>
</skipped>
</testcase>
<testcase name="Programs Browsing › should reset filters" classname="programs-browsing.e2e.ts" time="0">
<skipped>
</skipped>
</testcase>
</testsuite>
<testsuite name="search-filter.e2e.ts" timestamp="2025-11-19T13:03:42.775Z" hostname="Mobile Chrome" tests="9" failures="0" skipped="9" time="0" errors="0">
<testcase name="Advanced Search and Filtering › should search programs by keyword" classname="search-filter.e2e.ts" time="0">
<skipped>
</skipped>
</testcase>
<testcase name="Advanced Search and Filtering › should filter by category" classname="search-filter.e2e.ts" time="0">
<skipped>
</skipped>
</testcase>
<testcase name="Advanced Search and Filtering › should filter by network" classname="search-filter.e2e.ts" time="0">
<skipped>
</skipped>
</testcase>
<testcase name="Advanced Search and Filtering › should filter by commission rate range" classname="search-filter.e2e.ts" time="0">
<skipped>
</skipped>
</testcase>
<testcase name="Advanced Search and Filtering › should sort programs by commission rate" classname="search-filter.e2e.ts" time="0">
<skipped>
</skipped>
</testcase>
<testcase name="Advanced Search and Filtering › should clear all filters" classname="search-filter.e2e.ts" time="0">
<skipped>
</skipped>
</testcase>
<testcase name="Advanced Search and Filtering › should display program count and statistics" classname="search-filter.e2e.ts" time="0">
<skipped>
</skipped>
</testcase>
<testcase name="Advanced Search and Filtering › should handle no results gracefully" classname="search-filter.e2e.ts" time="0">
<skipped>
</skipped>
</testcase>
<testcase name="Advanced Search and Filtering › should apply multiple filters simultaneously" classname="search-filter.e2e.ts" time="0">
<skipped>
</skipped>
</testcase>
</testsuite>
</testsuites>